#
# A fatal error has been detected by the Java Runtime Environment:
#
#  EXCEPTION_ACCESS_VIOLATION (0xc0000005) at pc=0x000000007af285e1, pid=4540, tid=5436
#
# JRE version: 6.0_17-b04
# Java VM: Java HotSpot(TM) 64-Bit Server VM (14.3-b01 mixed mode windows-amd64 )
# Problematic frame:
# C  [zip.dll+0x85e1]
#
# If you would like to submit a bug report, please visit:
#   http://java.sun.com/webapps/bugreport/crash.jsp
# The crash happened outside the Java Virtual Machine in native code.
# See problematic frame for where to report the bug.
#

---------------  T H R E A D  ---------------

Current thread (0x000000003760f000):  JavaThread "Image Fetcher 3" daemon [_thread_in_native, id=5436, stack(0x000000000dbc0000,0x000000000dc40000)]

siginfo: ExceptionCode=0xc0000005, reading address 0x0000000000000018

Registers:
EAX=0x0000000000000000, EBX=0x000000000000160b, ECX=0x0000000036b90e70, EDX=0x0000000000000000
ESP=0x000000000dc3c980, EBP=0x000000003760f1b8, ESI=0x0000000036b90e70, EDI=0x0000000000000000
EIP=0x000000007af285e1, EFLAGS=0x0000000000010202

Top of Stack: (sp=0x000000000dc3c980)
0x000000000dc3c980:   000000003760f000 0000000000000000
0x000000000dc3c990:   0000000000000000 000000006da332e1
0x000000000dc3c9a0:   0000000000000000 0000000000000000
0x000000000dc3c9b0:   0000000036b90e70 000000003760f1b8
0x000000000dc3c9c0:   000000000000160b 000000007af21f90
0x000000000dc3c9d0:   0000000000000000 0000000000000000
0x000000000dc3c9e0:   0000000000000000 0000000000000000
0x000000000dc3c9f0:   000000000000160b 0000000000000000
0x000000000dc3ca00:   0000000000000000 0000000000000000
0x000000000dc3ca10:   0000000000000000 0000000000000000
0x000000000dc3ca20:   0000000000000000 0000000000000000
0x000000000dc3ca30:   0000000000000000 0000000000000000
0x000000000dc3ca40:   0000000000000000 0000000000000000
0x000000000dc3ca50:   0000000000000000 0000000000000000
0x000000000dc3ca60:   0000000000000000 0000000000000000
0x000000000dc3ca70:   0000000000000000 0000000000000000 

Instructions: (pc=0x000000007af285e1)
0x000000007af285d1:   c4 58 5f 5b c3 cc cc 48 53 55 56 57 48 83 ec 28
0x000000007af285e1:   4c 8b 52 18 49 8b e9 49 8b f0 4d 85 d2 48 8b d9 


Stack: [0x000000000dbc0000,0x000000000dc40000],  sp=0x000000000dc3c980,  free space=498k
Native frames: (J=compiled Java code, j=interpreted, Vv=VM code, C=native code)
C  [zip.dll+0x85e1]

Java frames: (J=compiled Java code, j=interpreted, Vv=VM code)
j  java.util.zip.ZipFile.read(JJJ[BII)I+0
j  java.util.zip.ZipFile.access$1200(JJJ[BII)I+10
j  java.util.zip.ZipFile$ZipFileInputStream.read([BII)I+66
j  java.util.zip.ZipFile$1.fill()V+32
J  java.util.zip.InflaterInputStream.read([BII)I
j  java.io.FilterInputStream.read([BII)I+7
j  java.io.BufferedInputStream.fill()V+175
j  java.io.BufferedInputStream.read1([BII)I+44
j  java.io.BufferedInputStream.read([BII)I+49
j  sun.awt.image.PNGImageDecoder.fill()V+124
j  sun.awt.image.PNGImageDecoder.need(I)Z+16
j  sun.awt.image.PNGImageDecoder.getChunk()Z+88
j  sun.awt.image.PNGImageDecoder.getData()Z+8
j  sun.awt.image.PNGFilterInputStream.read([BII)I+14
j  java.util.zip.InflaterInputStream.fill()V+19
J  java.util.zip.InflaterInputStream.read([BII)I
j  java.io.BufferedInputStream.fill()V+175
j  java.io.BufferedInputStream.read1([BII)I+44
J  sun.awt.image.PNGImageDecoder.produceImage()V
j  sun.awt.image.InputStreamImageSource.doFetch()V+51
j  sun.awt.image.ImageFetcher.fetchloop()V+33
j  sun.awt.image.ImageFetcher.run()V+5
v  ~StubRoutines::call_stub

---------------  P R O C E S S  ---------------

Java Threads: ( => current thread )
  0x0000000037bf0800 JavaThread "Image Fetcher 0" daemon [_thread_blocked, id=6384, stack(0x000000000dcc0000,0x000000000dd40000)]
  0x000000003760d000 JavaThread "Loader for _view_0" daemon [_thread_blocked, id=6776, stack(0x000000000dc40000,0x000000000dcc0000)]
=>0x000000003760f000 JavaThread "Image Fetcher 3" daemon [_thread_in_native, id=5436, stack(0x000000000dbc0000,0x000000000dc40000)]
  0x0000000037bac000 JavaThread "Image Fetcher 2" daemon [_thread_blocked, id=6788, stack(0x000000000db40000,0x000000000dbc0000)]
  0x0000000037bae800 JavaThread "Image Fetcher 1" daemon [_thread_blocked, id=6040, stack(0x000000000dac0000,0x000000000db40000)]
  0x0000000037bad800 JavaThread "Image Animator 0" daemon [_thread_blocked, id=1748, stack(0x000000000d7e0000,0x000000000d860000)]
  0x0000000037ba8800 JavaThread "Timer queue for AWT thread" daemon [_thread_blocked, id=2484, stack(0x000000000d940000,0x000000000d9c0000)]
  0x0000000037baa800 JavaThread "Timer-215" [_thread_blocked, id=6764, stack(0x000000000da40000,0x000000000dac0000)]
  0x0000000037bab800 JavaThread "pool-2-thread-1" [_thread_blocked, id=5784, stack(0x000000000d9c0000,0x000000000da40000)]
  0x0000000037ba0800 JavaThread "Code Analyzer updating thread" [_thread_blocked, id=6656, stack(0x000000000d8c0000,0x000000000d940000)]
  0x0000000037ba8000 JavaThread "Code Analyzer updating thread" [_thread_blocked, id=5384, stack(0x000000003d300000,0x000000003d380000)]
  0x0000000037ba7000 JavaThread "Code Analyzer updating thread" [_thread_blocked, id=2708, stack(0x000000003d280000,0x000000003d300000)]
  0x0000000037ba6800 JavaThread "Code Analyzer updating thread" [_thread_blocked, id=1408, stack(0x000000003d200000,0x000000003d280000)]
  0x0000000037ba5800 JavaThread "Code Analyzer updating thread" [_thread_blocked, id=5056, stack(0x000000003d180000,0x000000003d200000)]
  0x0000000037ba5000 JavaThread "Code Analyzer updating thread" [_thread_blocked, id=4712, stack(0x000000003d100000,0x000000003d180000)]
  0x0000000037ba4000 JavaThread "Code Analyzer updating thread" [_thread_blocked, id=5488, stack(0x000000003d080000,0x000000003d100000)]
  0x0000000037ba3800 JavaThread "Code Analyzer updating thread" [_thread_blocked, id=5472, stack(0x000000003d000000,0x000000003d080000)]
  0x0000000037ba3000 JavaThread "Code Analyzer updating thread" [_thread_blocked, id=2832, stack(0x000000003cf80000,0x000000003d000000)]
  0x0000000037ba2000 JavaThread "Code Analyzer updating thread" [_thread_blocked, id=4068, stack(0x000000003cf00000,0x000000003cf80000)]
  0x0000000037ba1800 JavaThread "Code Analyzer updating thread" [_thread_blocked, id=5376, stack(0x000000003ce80000,0x000000003cf00000)]
  0x0000000037ba0000 JavaThread "Code Analyzer updating thread" [_thread_blocked, id=5576, stack(0x000000003ce00000,0x000000003ce80000)]
  0x0000000037b9f000 JavaThread "Code Analyzer updating thread" [_thread_blocked, id=6076, stack(0x000000003bd30000,0x000000003bdb0000)]
  0x000000003761b800 JavaThread "Code Analyzer updating thread" [_thread_blocked, id=5284, stack(0x000000003bcb0000,0x000000003bd30000)]
  0x000000003761a800 JavaThread "Code Analyzer updating thread" [_thread_blocked, id=5788, stack(0x000000003bc30000,0x000000003bcb0000)]
  0x000000003761a000 JavaThread "Code Analyzer updating thread" [_thread_blocked, id=5940, stack(0x000000003cd80000,0x000000003ce00000)]
  0x0000000037619800 JavaThread "Code Analyzer updating thread" [_thread_blocked, id=4084, stack(0x000000003bbb0000,0x000000003bc30000)]
  0x0000000037618800 JavaThread "Code Analyzer updating thread" [_thread_blocked, id=5864, stack(0x000000003bb30000,0x000000003bbb0000)]
  0x0000000037618000 JavaThread "Code Analyzer updating thread" [_thread_blocked, id=5852, stack(0x000000003bab0000,0x000000003bb30000)]
  0x0000000037617000 JavaThread "Code Analyzer updating thread" [_thread_blocked, id=5888, stack(0x000000003ba30000,0x000000003bab0000)]
  0x0000000037616800 JavaThread "Code Analyzer updating thread" [_thread_blocked, id=5520, stack(0x000000003b9b0000,0x000000003ba30000)]
  0x0000000037615800 JavaThread "Code Analyzer updating thread" [_thread_blocked, id=5920, stack(0x000000003b930000,0x000000003b9b0000)]
  0x0000000037615000 JavaThread "Code Analyzer updating thread" [_thread_blocked, id=6000, stack(0x000000003b8b0000,0x000000003b930000)]
  0x0000000037614000 JavaThread "Code Analyzer updating thread" [_thread_blocked, id=4952, stack(0x000000003b830000,0x000000003b8b0000)]
  0x0000000037613800 JavaThread "Code Analyzer updating thread" [_thread_blocked, id=4896, stack(0x000000003b7b0000,0x000000003b830000)]
  0x0000000037613000 JavaThread "RequestQueue for GenericFileList" [_thread_blocked, id=6112, stack(0x000000003b730000,0x000000003b7b0000)]
  0x0000000037612000 JavaThread "Code Analyzer updating thread" [_thread_blocked, id=5116, stack(0x000000003b6b0000,0x000000003b730000)]
  0x0000000037610800 JavaThread "Active Reference Queue Daemon" daemon [_thread_blocked, id=5388, stack(0x000000003b630000,0x000000003b6b0000)]
  0x0000000037611800 JavaThread "Timer-5" daemon [_thread_blocked, id=5380, stack(0x000000003b5b0000,0x000000003b630000)]
  0x0000000037610000 JavaThread "Prefs Updater" daemon [_thread_blocked, id=5396, stack(0x000000003b530000,0x000000003b5b0000)]
  0x000000003760e800 JavaThread "Timer-2" [_thread_blocked, id=5664, stack(0x000000003b430000,0x000000003b4b0000)]
  0x000000003760d800 JavaThread "Timer-1" daemon [_thread_blocked, id=5892, stack(0x0000000039ae0000,0x0000000039b60000)]
  0x000000003760c000 JavaThread "FelixPackageAdmin" daemon [_thread_blocked, id=6908, stack(0x0000000038a90000,0x0000000038b10000)]
  0x0000000036bdd000 JavaThread "FelixStartLevel" daemon [_thread_blocked, id=6700, stack(0x0000000038970000,0x00000000389f0000)]
  0x0000000037a34800 JavaThread "FelixDispatchQueue" daemon [_thread_blocked, id=7020, stack(0x00000000388f0000,0x0000000038970000)]
  0x0000000036cfc000 JavaThread "TimerQueue" daemon [_thread_blocked, id=5484, stack(0x0000000038590000,0x0000000038610000)]
  0x000000003752b800 JavaThread "AWT-EventQueue-0" [_thread_blocked, id=1152, stack(0x0000000038510000,0x0000000038590000)]
  0x0000000036a93000 JavaThread "AWT-Windows" daemon [_thread_in_native, id=6304, stack(0x0000000036dd0000,0x0000000036e50000)]
  0x0000000036a92800 JavaThread "AWT-Shutdown" [_thread_blocked, id=6180, stack(0x0000000036d50000,0x0000000036dd0000)]
  0x0000000036a91800 JavaThread "Java2D Disposer" daemon [_thread_blocked, id=5676, stack(0x000000000ff30000,0x000000000ffb0000)]
  0x00000000363e6800 JavaThread "Timer-0" [_thread_blocked, id=6208, stack(0x000000000fe60000,0x000000000fee0000)]
  0x000000003637a000 JavaThread "JMI Unnamed Thread" [_thread_in_native, id=2436, stack(0x000000000c190000,0x000000000d590000)]
  0x000000003111d000 JavaThread "Low Memory Detector" daemon [_thread_blocked, id=5464, stack(0x000000000fde0000,0x000000000fe60000)]
  0x0000000031117800 JavaThread "CompilerThread1" daemon [_thread_blocked, id=6716, stack(0x0000000033950000,0x0000000034d50000)]
  0x00000000310cc800 JavaThread "CompilerThread0" daemon [_thread_blocked, id=6564, stack(0x0000000032550000,0x0000000033950000)]
  0x00000000310cc000 JavaThread "Attach Listener" daemon [_thread_blocked, id=5296, stack(0x000000000fd60000,0x000000000fde0000)]
  0x00000000310af000 JavaThread "Finalizer" daemon [_thread_blocked, id=6012, stack(0x000000000fce0000,0x000000000fd60000)]
  0x00000000310aa800 JavaThread "Reference Handler" daemon [_thread_blocked, id=7088, stack(0x000000000d680000,0x000000000d700000)]
  0x0000000001b6f000 JavaThread "main" [_thread_in_native, id=5324, stack(0x0000000000030000,0x0000000001430000)]

Other Threads:
  0x00000000310a5000 VMThread [stack: 0x0000000031150000,0x0000000032550000] [id=6008]
  0x0000000031142800 WatcherThread [stack: 0x0000000034d50000,0x0000000036150000] [id=2628]

VM state:not at safepoint (normal execution)

VM Mutex/Monitor currently owned by a thread: None

Heap
 PSYoungGen      total 36224K, used 15361K [0x0000000025250000, 0x0000000028350000, 0x0000000028350000)
  eden space 25856K, 19% used [0x0000000025250000,0x000000002573f8b8,0x0000000026b90000)
  from space 10368K, 99% used [0x0000000026b90000,0x00000000275a0ee0,0x00000000275b0000)
  to   space 13184K, 0% used [0x0000000027670000,0x0000000027670000,0x0000000028350000)
 PSOldGen        total 126976K, used 103732K [0x000000001bf50000, 0x0000000023b50000, 0x0000000025250000)
  object space 126976K, 81% used [0x000000001bf50000,0x000000002249d3f0,0x0000000023b50000)
 PSPermGen       total 112768K, used 66697K [0x0000000013f50000, 0x000000001ad70000, 0x000000001bf50000)
  object space 112768K, 59% used [0x0000000013f50000,0x00000000180724e0,0x000000001ad70000)

Dynamic libraries:
0x0000000140000000 - 0x0000000140029000 	C:\Program Files\MATLAB\R2010b\bin\win64\MATLAB.exe
0x00000000779f0000 - 0x0000000077b99000 	C:\windows\SYSTEM32\ntdll.dll
0x00000000778d0000 - 0x00000000779ef000 	C:\windows\system32\kernel32.dll
0x000007fefdad0000 - 0x000007fefdb3b000 	C:\windows\system32\KERNELBASE.dll
0x000000007d080000 - 0x000000007d18e000 	C:\Program Files\MATLAB\R2010b\bin\win64\libut.dll
0x0000000180000000 - 0x000000018007c000 	C:\Program Files\MATLAB\R2010b\bin\win64\libmwi18n.dll
0x00000000014e0000 - 0x00000000014f0000 	C:\Program Files\MATLAB\R2010b\bin\win64\boost_date_time-vc80-mt-1_40.dll
0x0000000071b70000 - 0x0000000071c79000 	C:\windows\WinSxS\amd64_microsoft.vc80.crt_1fc8b3b9a1e18e3b_8.0.50727.4940_none_88df89932faf0bf6\MSVCP80.dll
0x0000000071dc0000 - 0x0000000071e89000 	C:\windows\WinSxS\amd64_microsoft.vc80.crt_1fc8b3b9a1e18e3b_8.0.50727.4940_none_88df89932faf0bf6\MSVCR80.dll
0x000007feffb60000 - 0x000007feffbff000 	C:\windows\system32\msvcrt.dll
0x0000000001500000 - 0x000000000151b000 	C:\Program Files\MATLAB\R2010b\bin\win64\boost_filesystem-vc80-mt-1_40.dll
0x0000000001530000 - 0x0000000001539000 	C:\Program Files\MATLAB\R2010b\bin\win64\boost_system-vc80-mt-1_40.dll
0x0000000001550000 - 0x0000000001563000 	C:\Program Files\MATLAB\R2010b\bin\win64\boost_thread-vc80-mt-1_40.dll
0x000000007d880000 - 0x000000007d8a8000 	C:\Program Files\MATLAB\R2010b\bin\win64\LIBEXPAT.dll
0x000000007cce0000 - 0x000000007ce59000 	C:\Program Files\MATLAB\R2010b\bin\win64\icuin42.dll
0x000000007d590000 - 0x000000007d6ca000 	C:\Program Files\MATLAB\R2010b\bin\win64\icuuc42.dll
0x000007fefdd10000 - 0x000007fefddeb000 	C:\windows\system32\ADVAPI32.dll
0x000007feffc00000 - 0x000007feffc1f000 	C:\windows\SYSTEM32\sechost.dll
0x000007fefde60000 - 0x000007fefdf8d000 	C:\windows\system32\RPCRT4.dll
0x0000000010000000 - 0x0000000010f47000 	C:\Program Files\MATLAB\R2010b\bin\win64\icudt42.dll
0x0000000078a10000 - 0x0000000078b49000 	C:\Program Files\MATLAB\R2010b\bin\win64\libmwfl.dll
0x000007fefe9c0000 - 0x000007fefe9d7000 	C:\windows\system32\imagehlp.dll
0x0000000077bb0000 - 0x0000000077bb7000 	C:\windows\system32\PSAPI.DLL
0x0000000001710000 - 0x00000000017f6000 	C:\Program Files\MATLAB\R2010b\bin\win64\boost_regex-vc80-mt-1_40.dll
0x00000000777d0000 - 0x00000000778ca000 	C:\windows\system32\USER32.dll
0x000007fefddf0000 - 0x000007fefde57000 	C:\windows\system32\GDI32.dll
0x000007fefe2b0000 - 0x000007fefe2be000 	C:\windows\system32\LPK.dll
0x000007fefe3d0000 - 0x000007fefe499000 	C:\windows\system32\USP10.dll
0x00000000015d0000 - 0x00000000015e4000 	C:\Program Files\MATLAB\R2010b\bin\win64\boost_signals-vc80-mt-1_40.dll
0x0000000001800000 - 0x000000000183e000 	C:\Program Files\MATLAB\R2010b\bin\win64\tbb.dll
0x000000007cab0000 - 0x000000007cac0000 	C:\Program Files\MATLAB\R2010b\bin\win64\icuio42.dll
0x000000007d200000 - 0x000000007d460000 	C:\Program Files\MATLAB\R2010b\bin\win64\libmwservices.dll
0x000000007d190000 - 0x000000007d1fd000 	C:\Program Files\MATLAB\R2010b\bin\win64\libmx.dll
0x00000000791e0000 - 0x00000000791f7000 	C:\Program Files\MATLAB\R2010b\bin\win64\zlib1.dll
0x000000007d460000 - 0x000000007d58e000 	C:\Program Files\MATLAB\R2010b\bin\win64\libmwmathutil.dll
0x000000007acf0000 - 0x000000007ad51000 	C:\Program Files\MATLAB\R2010b\bin\win64\mpath.dll
0x000000007d8b0000 - 0x000000007db80000 	C:\Program Files\MATLAB\R2010b\bin\win64\mlutil.dll
0x000000007eb00000 - 0x000000007eb8b000 	C:\Program Files\MATLAB\R2010b\bin\win64\xmlcore.dll
0x000000007a670000 - 0x000000007a905000 	C:\Program Files\MATLAB\R2010b\bin\win64\xerces-c_2_7.dll
0x000007fefe4a0000 - 0x000007fefe4ed000 	C:\windows\system32\WS2_32.dll
0x000007fefe980000 - 0x000007fefe988000 	C:\windows\system32\NSI.dll
0x000007fefe9e0000 - 0x000007feff768000 	C:\windows\system32\SHELL32.dll
0x000007fefdf90000 - 0x000007fefe001000 	C:\windows\system32\SHLWAPI.dll
0x000007fef9ac0000 - 0x000007fef9b60000 	C:\windows\WinSxS\amd64_microsoft.windows.common-controls_6595b64144ccf1df_5.82.7601.17514_none_a4d6a923711520a9\COMCTL32.dll
0x000007fefe010000 - 0x000007fefe0a7000 	C:\windows\system32\comdlg32.dll
0x000007fefc5b0000 - 0x000007fefc5c6000 	C:\windows\system32\NETAPI32.dll
0x000007fefcb00000 - 0x000007fefcb0c000 	C:\windows\system32\netutils.dll
0x000007fefd150000 - 0x000007fefd173000 	C:\windows\system32\srvcli.dll
0x000007fefc590000 - 0x000007fefc5a5000 	C:\windows\system32\wkscli.dll
0x000000007b0c0000 - 0x000000007b17a000 	C:\Program Files\MATLAB\R2010b\bin\win64\mcr.dll
0x000000007cac0000 - 0x000000007cb74000 	C:\Program Files\MATLAB\R2010b\bin\win64\iqm.dll
0x000000007b860000 - 0x000000007bfdf000 	C:\Program Files\MATLAB\R2010b\bin\win64\m_interpreter.dll
0x000000007cba0000 - 0x000000007cbb0000 	C:\Program Files\MATLAB\R2010b\bin\win64\libmex.dll
0x000000007af40000 - 0x000000007afd6000 	C:\Program Files\MATLAB\R2010b\bin\win64\m_dispatcher.dll
0x000000007ade0000 - 0x000000007ae71000 	C:\Program Files\MATLAB\R2010b\bin\win64\profiler.dll
0x000000007cc20000 - 0x000000007cc51000 	C:\Program Files\MATLAB\R2010b\bin\win64\libmwmathrng.dll
0x0000000079130000 - 0x000000007914a000 	C:\Program Files\MATLAB\R2010b\bin\win64\m_pcodeio.dll
0x000000007aca0000 - 0x000000007aced000 	C:\Program Files\MATLAB\R2010b\bin\win64\m_ir.dll
0x000000007b240000 - 0x000000007b856000 	C:\Program Files\MATLAB\R2010b\bin\win64\m_parser.dll
0x000000007cb80000 - 0x000000007cb93000 	C:\Program Files\MATLAB\R2010b\bin\win64\ir_xfmr.dll
0x0000000078b50000 - 0x0000000078d89000 	C:\Program Files\MATLAB\R2010b\bin\win64\mcos.dll
0x000000007cc70000 - 0x000000007cc7c000 	C:\Program Files\MATLAB\R2010b\bin\win64\mtok.dll
0x0000000079110000 - 0x0000000079130000 	C:\Program Files\MATLAB\R2010b\bin\win64\m_pcodegen.dll
0x0000000078300000 - 0x0000000078356000 	C:\Program Files\MATLAB\R2010b\bin\win64\libmwspmatrix.dll
0x000007feedeb0000 - 0x000007feedfd5000 	C:\windows\system32\dbghelp.dll
0x0000000078360000 - 0x000000007838c000 	C:\Program Files\MATLAB\R2010b\bin\win64\libmwbridge.dll
0x000000007c720000 - 0x000000007c7e0000 	C:\Program Files\MATLAB\R2010b\bin\win64\udd.dll
0x000000007d6d0000 - 0x000000007d82b000 	C:\Program Files\MATLAB\R2010b\bin\win64\libmwgui.dll
0x0000000079250000 - 0x0000000079ad7000 	C:\Program Files\MATLAB\R2010b\bin\win64\hg.dll
0x0000000079030000 - 0x0000000079087000 	C:\Program Files\MATLAB\R2010b\bin\win64\libmat.dll
0x000000007ce60000 - 0x000000007d07b000 	C:\Program Files\MATLAB\R2010b\bin\win64\libhdf5.dll
0x000000007aba0000 - 0x000000007ac24000 	C:\Program Files\MATLAB\R2010b\bin\win64\jmi.dll
0x000000007aae0000 - 0x000000007ab1f000 	C:\Program Files\MATLAB\R2010b\bin\win64\libmwhardcopy.dll
0x000000007ac30000 - 0x000000007ac98000 	C:\Program Files\MATLAB\R2010b\bin\win64\libuij.dll
0x0000000078800000 - 0x00000000789f4000 	C:\Program Files\MATLAB\R2010b\bin\win64\hgdatatypes.dll
0x0000000078740000 - 0x00000000787fa000 	C:\Program Files\MATLAB\R2010b\bin\win64\hgutils.dll
0x0000000079090000 - 0x000000007910c000 	C:\Program Files\MATLAB\R2010b\bin\win64\libmwlapack.dll
0x000000007cbc0000 - 0x000000007cbd3000 	C:\Program Files\MATLAB\R2010b\bin\win64\libmwbinder.dll
0x000000007c7e0000 - 0x000000007caa9000 	C:\Program Files\MATLAB\R2010b\bin\win64\uiw.dll
0x000000007ccd0000 - 0x000000007ccda000 	C:\Program Files\MATLAB\R2010b\bin\win64\uinone.dll
0x0000000075190000 - 0x000000007532c000 	C:\windows\WinSxS\amd64_microsoft.vc80.mfc_1fc8b3b9a1e18e3b_8.0.50727.4053_none_8444db7d32915e4c\MFC80.DLL
0x000007fef9a40000 - 0x000007fef9ab1000 	C:\windows\system32\WINSPOOL.DRV
0x000007fefe590000 - 0x000007fefe793000 	C:\windows\system32\ole32.dll
0x000007feffc20000 - 0x000007feffcf7000 	C:\windows\system32\OLEAUT32.dll
0x000000007b180000 - 0x000000007b231000 	C:\Program Files\MATLAB\R2010b\bin\win64\udd_mi.dll
0x0000000079150000 - 0x0000000079168000 	C:\Program Files\MATLAB\R2010b\bin\win64\mwoles05.DLL
0x000000007ad60000 - 0x000000007add3000 	C:\Program Files\MATLAB\R2010b\bin\win64\comcli.dll
0x0000000075170000 - 0x0000000075190000 	C:\windows\WinSxS\amd64_microsoft.vc80.atl_1fc8b3b9a1e18e3b_8.0.50727.4053_none_8a1a02152edb659b\ATL80.DLL
0x000000007cc60000 - 0x000000007cc6e000 	C:\Program Files\MATLAB\R2010b\bin\win64\mlautoregister.dll
0x000007fefe990000 - 0x000007fefe9be000 	C:\windows\system32\IMM32.DLL
0x000007fefe2c0000 - 0x000007fefe3c9000 	C:\windows\system32\MSCTF.dll
0x0000000075160000 - 0x0000000075169000 	C:\windows\WinSxS\amd64_microsoft.vc80.mfcloc_1fc8b3b9a1e18e3b_8.0.50727.4053_none_bc1d1e5b0be08790\MFC80CHS.DLL
0x000007fefbf30000 - 0x000007fefbf86000 	C:\windows\system32\uxtheme.dll
0x000007fefd940000 - 0x000007fefd94f000 	C:\windows\system32\profapi.dll
0x000007fefb790000 - 0x000007fefb7b7000 	C:\windows\system32\iphlpapi.dll
0x000007fefb770000 - 0x000007fefb77b000 	C:\windows\system32\WINNSI.DLL
0x000007fefccf0000 - 0x000007fefcd4b000 	C:\windows\system32\DNSAPI.dll
0x000007fefb510000 - 0x000007fefb521000 	C:\windows\system32\dhcpcsvc6.DLL
0x000007fefb4f0000 - 0x000007fefb508000 	C:\windows\system32\dhcpcsvc.DLL
0x0000000074310000 - 0x0000000074313000 	C:\windows\system32\icmp.Dll
0x000007fefd870000 - 0x000007fefd87f000 	C:\windows\system32\CRYPTBASE.dll
0x000007fefdb60000 - 0x000007fefdb96000 	C:\windows\system32\CFGMGR32.dll
0x000000006d7f0000 - 0x000000006de4d000 	C:\Program Files\MATLAB\R2010b\sys\java\jre\win64\jre\bin\server\jvm.dll
0x000007fefb1c0000 - 0x000007fefb1fb000 	C:\windows\system32\WINMM.dll
0x000007fefd790000 - 0x000007fefd7a8000 	C:\windows\system32\dwmapi.dll
0x000000007af10000 - 0x000000007af1e000 	C:\Program Files\MATLAB\R2010b\sys\java\jre\win64\jre\bin\verify.dll
0x0000000079200000 - 0x0000000079227000 	C:\Program Files\MATLAB\R2010b\sys\java\jre\win64\jre\bin\java.dll
0x000000007aef0000 - 0x000000007aefa000 	C:\Program Files\MATLAB\R2010b\sys\java\jre\win64\jre\bin\hpi.dll
0x000000007af20000 - 0x000000007af32000 	C:\Program Files\MATLAB\R2010b\sys\java\jre\win64\jre\bin\zip.dll
0x0000000079170000 - 0x0000000079194000 	C:\Program Files\MATLAB\R2010b\bin\win64\nativejava.dll
0x000007fef8070000 - 0x000007fef8088000 	C:\windows\system32\MPR.dll
0x00000000791a0000 - 0x00000000791da000 	C:\Program Files\MATLAB\R2010b\bin\win64\nativejmi.dll
0x000000007ccc0000 - 0x000000007ccc7000 	C:\Program Files\MATLAB\R2010b\bin\win64\nativeservices.dll
0x000000007a910000 - 0x000000007aad1000 	C:\Program Files\MATLAB\R2010b\sys\java\jre\win64\jre\bin\awt.dll
0x000000007afe0000 - 0x000000007b04b000 	C:\Program Files\MATLAB\R2010b\sys\java\jre\win64\jre\bin\fontmanager.dll
0x0000000079230000 - 0x0000000079247000 	C:\Program Files\MATLAB\R2010b\sys\java\jre\win64\jre\bin\net.dll
0x000007fefce70000 - 0x000007fefcec5000 	C:\windows\system32\mswsock.dll
0x000007fefce60000 - 0x000007fefce67000 	C:\windows\System32\wship6.dll
0x000000007af00000 - 0x000000007af0b000 	C:\Program Files\MATLAB\R2010b\sys\java\jre\win64\jre\bin\nio.dll
0x00000000783b0000 - 0x00000000783ba000 	C:\Program Files\MATLAB\R2010b\bin\win64\nativelmgr.dll
0x000000007de20000 - 0x000000007de55000 	C:\Program Files\MATLAB\R2010b\sys\java\jre\win64\jre\bin\jpeg.dll
0x000007fefd130000 - 0x000007fefd147000 	C:\windows\system32\CRYPTSP.dll
0x000007fefcbd0000 - 0x000007fefcc17000 	C:\windows\system32\rsaenh.dll
0x000007fefc980000 - 0x000007fefc99e000 	C:\windows\system32\USERENV.dll
0x000007fefc480000 - 0x000007fefc495000 	C:\windows\system32\NLAapi.dll
0x000007fef82c0000 - 0x000007fef82d5000 	C:\windows\system32\napinsp.dll
0x000007fef82a0000 - 0x000007fef82b9000 	C:\windows\system32\pnrpnsp.dll
0x000007fef8290000 - 0x000007fef829b000 	C:\windows\System32\winrnr.dll

VM Arguments:
jvm_args: -Xss512k -XX:PermSize=32m -Xms64m -XX:NewRatio=3 -XX:MaxPermSize=128m -Xmx196m -XX:MaxDirectMemorySize=2147400000 -Dsun.java2d.noddraw=true -Dsun.awt.nopixfmt=true -Xshare:off -Xrs -Dsun.awt.disableMixing=true -Djava.library.path=C:\Program Files\MATLAB\R2010b\bin\win64 vfprintf abort 
java_command: <unknown>
Launcher Type: generic

Environment Variables:
PATH=C:\windows\system32;C:\windows;C:\windows\System32\Wbem;C:\windows\System32\WindowsPowerShell\v1.0\;C:\Program Files\MATLAB\R2010b\runtime\win64;C:\Program Files\MATLAB\R2010b\bin;C:\Program Files (x86)\IDM Computer Solutions\UltraEdit\
USERNAME=wud
OS=Windows_NT
PROCESSOR_IDENTIFIER=Intel64 Family 6 Model 60 Stepping 3, GenuineIntel



---------------  S Y S T E M  ---------------

OS: Windows 7 Build 7601 Service Pack 1

CPU:total 8 (8 cores per cpu, 2 threads per core) family 6 model 60 stepping 3, cmov, cx8, fxsr, mmx, sse, sse2, sse3, ssse3, sse4.1, sse4.2, ht

Memory: 4k page, physical 8310548k(6617768k free), swap 16619252k(13360920k free)

vm_info: Java HotSpot(TM) 64-Bit Server VM (14.3-b01) for windows-amd64 JRE (1.6.0_17-b04), built on Oct 11 2009 00:46:08 by "java_re" with MS VC++ 8.0

time: Wed Sep 21 10:51:58 2016
elapsed time: 2051 seconds

